#
# There is insufficient memory for the Java Runtime Environment to continue.
# Native memory allocation (mmap) failed to map 65536 bytes for Failed to commit metaspace.
# Possible reasons:
#   The system is out of physical RAM or swap space
#   The process is running with CompressedOops enabled, and the Java Heap may be blocking the growth of the native heap
# Possible solutions:
#   Reduce memory load on the system
#   Increase physical memory or swap space
#   Check if swap backing store is full
#   Decrease Java heap size (-Xmx/-Xms)
#   Decrease number of Java threads
#   Decrease Java thread stack sizes (-Xss)
#   Set larger code cache with -XX:ReservedCodeCacheSize=
#   JVM is running with Zero Based Compressed Oops mode in which the Java heap is
#     placed in the first 32GB address space. The Java Heap base address is the
#     maximum limit for the native heap growth. Please use -XX:HeapBaseMinAddress
#     to set the Java Heap base and to place the Java Heap above 32GB virtual address.
# This output file may be truncated or incomplete.
#
#  Out of Memory Error (virtualSpaceNode.cpp:110), pid=12928, tid=11020
#
# JRE version: Java(TM) SE Runtime Environment (17.0.8+9) (build 17.0.8+9-LTS-211)
# Java VM: Java HotSpot(TM) 64-Bit Server VM (17.0.8+9-LTS-211, mixed mode, sharing, tiered, compressed oops, compressed class ptrs, g1 gc, windows-amd64)
# No core dump will be written. Minidumps are not enabled by default on client versions of Windows
#

---------------  S U M M A R Y ------------

Command Line: -Dfile.encoding=UTF-8 -XX:+ShowCodeDetailsInExceptionMessages com.agni.hotel.hotelmanagement.HotelmanagementApplication

Host: Intel(R) Core(TM) i7-8565U CPU @ 1.80GHz, 8 cores, 15G,  Windows 10 , 64 bit Build 19041 (10.0.19041.3393)
Time: Mon Oct  9 11:19:52 2023 India Standard Time elapsed time: 1.672278 seconds (0d 0h 0m 1s)

---------------  T H R E A D  ---------------

Current thread (0x0000023bce1d1900):  JavaThread "background-preinit" [_thread_in_vm, id=11020, stack(0x000000eeec400000,0x000000eeec500000)]

Stack: [0x000000eeec400000,0x000000eeec500000]
Native frames: (J=compiled Java code, j=interpreted, Vv=VM code, C=native code)
V  [jvm.dll+0x677d0a]
V  [jvm.dll+0x7d8c54]
V  [jvm.dll+0x7da3fe]
V  [jvm.dll+0x7daa63]
V  [jvm.dll+0x245c5f]
V  [jvm.dll+0x7d4d5b]
V  [jvm.dll+0x61dcf6]
V  [jvm.dll+0x1c0127]
V  [jvm.dll+0x620650]
V  [jvm.dll+0x61e6b6]
V  [jvm.dll+0x23b6b1]
V  [jvm.dll+0x1ea657]
V  [jvm.dll+0x1e02f1]
V  [jvm.dll+0x53ddbc]
V  [jvm.dll+0x753768]
V  [jvm.dll+0x753854]
V  [jvm.dll+0x40ba4f]
V  [jvm.dll+0x411a69]
C  [java.dll+0x17ec]

Java frames: (J=compiled Java code, j=interpreted, Vv=VM code)
J 742  java.lang.ClassLoader.defineClass1(Ljava/lang/ClassLoader;Ljava/lang/String;[BIILjava/security/ProtectionDomain;Ljava/lang/String;)Ljava/lang/Class; java.base@17.0.8 (0 bytes) @ 0x0000023bf31c5ce3 [0x0000023bf31c5c20+0x00000000000000c3]
J 1027 c1 java.lang.ClassLoader.defineClass(Ljava/lang/String;[BIILjava/security/ProtectionDomain;)Ljava/lang/Class; java.base@17.0.8 (43 bytes) @ 0x0000023beb8865dc [0x0000023beb886280+0x000000000000035c]
J 927 c1 java.security.SecureClassLoader.defineClass(Ljava/lang/String;[BIILjava/security/CodeSource;)Ljava/lang/Class; java.base@17.0.8 (16 bytes) @ 0x0000023beb85f08c [0x0000023beb85efc0+0x00000000000000cc]
J 842 c1 jdk.internal.loader.BuiltinClassLoader.defineClass(Ljava/lang/String;Ljdk/internal/loader/Resource;)Ljava/lang/Class; java.base@17.0.8 (121 bytes) @ 0x0000023beb831274 [0x0000023beb830300+0x0000000000000f74]
J 700 c1 jdk.internal.loader.BuiltinClassLoader.findClassOnClassPathOrNull(Ljava/lang/String;)Ljava/lang/Class; java.base@17.0.8 (64 bytes) @ 0x0000023beb7dfd64 [0x0000023beb7dece0+0x0000000000001084]
J 490 c1 jdk.internal.loader.BuiltinClassLoader.loadClassOrNull(Ljava/lang/String;Z)Ljava/lang/Class; java.base@17.0.8 (143 bytes) @ 0x0000023beb75f854 [0x0000023beb75e940+0x0000000000000f14]
J 599 c1 jdk.internal.loader.ClassLoaders$AppClassLoader.loadClass(Ljava/lang/String;Z)Ljava/lang/Class; java.base@17.0.8 (40 bytes) @ 0x0000023beb7aa70c [0x0000023beb7aa0e0+0x000000000000062c]
J 598 c1 java.lang.ClassLoader.loadClass(Ljava/lang/String;)Ljava/lang/Class; java.base@17.0.8 (7 bytes) @ 0x0000023beb7a9d4c [0x0000023beb7a9c40+0x000000000000010c]
v  ~StubRoutines::call_stub
J 742  java.lang.ClassLoader.defineClass1(Ljava/lang/ClassLoader;Ljava/lang/String;[BIILjava/security/ProtectionDomain;Ljava/lang/String;)Ljava/lang/Class; java.base@17.0.8 (0 bytes) @ 0x0000023bf31c5ce3 [0x0000023bf31c5c20+0x00000000000000c3]
J 1027 c1 java.lang.ClassLoader.defineClass(Ljava/lang/String;[BIILjava/security/ProtectionDomain;)Ljava/lang/Class; java.base@17.0.8 (43 bytes) @ 0x0000023beb8865dc [0x0000023beb886280+0x000000000000035c]
J 927 c1 java.security.SecureClassLoader.defineClass(Ljava/lang/String;[BIILjava/security/CodeSource;)Ljava/lang/Class; java.base@17.0.8 (16 bytes) @ 0x0000023beb85f08c [0x0000023beb85efc0+0x00000000000000cc]
J 842 c1 jdk.internal.loader.BuiltinClassLoader.defineClass(Ljava/lang/String;Ljdk/internal/loader/Resource;)Ljava/lang/Class; java.base@17.0.8 (121 bytes) @ 0x0000023beb831274 [0x0000023beb830300+0x0000000000000f74]
J 700 c1 jdk.internal.loader.BuiltinClassLoader.findClassOnClassPathOrNull(Ljava/lang/String;)Ljava/lang/Class; java.base@17.0.8 (64 bytes) @ 0x0000023beb7dfd64 [0x0000023beb7dece0+0x0000000000001084]
J 490 c1 jdk.internal.loader.BuiltinClassLoader.loadClassOrNull(Ljava/lang/String;Z)Ljava/lang/Class; java.base@17.0.8 (143 bytes) @ 0x0000023beb75f854 [0x0000023beb75e940+0x0000000000000f14]
J 599 c1 jdk.internal.loader.ClassLoaders$AppClassLoader.loadClass(Ljava/lang/String;Z)Ljava/lang/Class; java.base@17.0.8 (40 bytes) @ 0x0000023beb7aa70c [0x0000023beb7aa0e0+0x000000000000062c]
J 598 c1 java.lang.ClassLoader.loadClass(Ljava/lang/String;)Ljava/lang/Class; java.base@17.0.8 (7 bytes) @ 0x0000023beb7a9d4c [0x0000023beb7a9c40+0x000000000000010c]
v  ~StubRoutines::call_stub
j  com.fasterxml.jackson.databind.ObjectMapper.<clinit>()V+0
v  ~StubRoutines::call_stub
j  org.springframework.http.converter.json.Jackson2ObjectMapperBuilder.build()Lcom/fasterxml/jackson/databind/ObjectMapper;+77
j  org.springframework.http.converter.json.MappingJackson2HttpMessageConverter.<init>()V+4
j  org.springframework.http.converter.support.AllEncompassingFormHttpMessageConverter.<init>()V+55
j  org.springframework.boot.autoconfigure.BackgroundPreinitializer$MessageConverterInitializer.run()V+4
j  org.springframework.boot.autoconfigure.BackgroundPreinitializer$1.runSafely(Ljava/lang/Runnable;)Z+1
j  org.springframework.boot.autoconfigure.BackgroundPreinitializer$1.run()V+32
j  java.lang.Thread.run()V+11 java.base@17.0.8
v  ~StubRoutines::call_stub

---------------  P R O C E S S  ---------------

Threads class SMR info:
_java_thread_list=0x0000023bce05fe60, length=14, elements={
0x0000023be267d330, 0x0000023bfcb42bd0, 0x0000023bfcb43580, 0x0000023bfcb4bc90,
0x0000023bfcb4e650, 0x0000023bfcb4f000, 0x0000023bfcb508d0, 0x0000023be24bdcc0,
0x0000023be24bebf0, 0x0000023bfcb6c9b0, 0x0000023bc9182740, 0x0000023bc91901f0,
0x0000023be24bf100, 0x0000023bce1d1900
}

Java Threads: ( => current thread )
  0x0000023be267d330 JavaThread "main" [_thread_blocked, id=3264, stack(0x000000eeeab00000,0x000000eeeac00000)]
  0x0000023bfcb42bd0 JavaThread "Reference Handler" daemon [_thread_blocked, id=7868, stack(0x000000eeeb200000,0x000000eeeb300000)]
  0x0000023bfcb43580 JavaThread "Finalizer" daemon [_thread_blocked, id=6068, stack(0x000000eeeb300000,0x000000eeeb400000)]
  0x0000023bfcb4bc90 JavaThread "Signal Dispatcher" daemon [_thread_blocked, id=14228, stack(0x000000eeeb400000,0x000000eeeb500000)]
  0x0000023bfcb4e650 JavaThread "Attach Listener" daemon [_thread_blocked, id=25176, stack(0x000000eeeb500000,0x000000eeeb600000)]
  0x0000023bfcb4f000 JavaThread "Service Thread" daemon [_thread_blocked, id=17744, stack(0x000000eeeb600000,0x000000eeeb700000)]
  0x0000023bfcb508d0 JavaThread "Monitor Deflation Thread" daemon [_thread_blocked, id=23580, stack(0x000000eeeb700000,0x000000eeeb800000)]
  0x0000023be24bdcc0 JavaThread "C2 CompilerThread0" daemon [_thread_blocked, id=6332, stack(0x000000eeeb800000,0x000000eeeb900000)]
  0x0000023be24bebf0 JavaThread "C1 CompilerThread0" daemon [_thread_blocked, id=7760, stack(0x000000eeeb900000,0x000000eeeba00000)]
  0x0000023bfcb6c9b0 JavaThread "Sweeper thread" daemon [_thread_blocked, id=25912, stack(0x000000eeeba00000,0x000000eeebb00000)]
  0x0000023bc9182740 JavaThread "Notification Thread" daemon [_thread_blocked, id=4984, stack(0x000000eeebb00000,0x000000eeebc00000)]
  0x0000023bc91901f0 JavaThread "Common-Cleaner" daemon [_thread_blocked, id=8432, stack(0x000000eeebd00000,0x000000eeebe00000)]
  0x0000023be24bf100 JavaThread "C2 CompilerThread1" daemon [_thread_blocked, id=7364, stack(0x000000eeebe00000,0x000000eeebf00000)]
=>0x0000023bce1d1900 JavaThread "background-preinit" [_thread_in_vm, id=11020, stack(0x000000eeec400000,0x000000eeec500000)]

Other Threads:
  0x0000023bfcb3e230 VMThread "VM Thread" [stack: 0x000000eeeb100000,0x000000eeeb200000] [id=16860]
  0x0000023be24bc510 WatcherThread [stack: 0x000000eeebc00000,0x000000eeebd00000] [id=10584]
  0x0000023be26e7f20 GCTaskThread "GC Thread#0" [stack: 0x000000eeeac00000,0x000000eeead00000] [id=22956]
  0x0000023bce1c6500 GCTaskThread "GC Thread#1" [stack: 0x000000eeebf00000,0x000000eeec000000] [id=12732]
  0x0000023bc9b293d0 GCTaskThread "GC Thread#2" [stack: 0x000000eeec000000,0x000000eeec100000] [id=14172]
  0x0000023bc9b29a80 GCTaskThread "GC Thread#3" [stack: 0x000000eeec100000,0x000000eeec200000] [id=20952]
  0x0000023bce00e0c0 GCTaskThread "GC Thread#4" [stack: 0x000000eeec200000,0x000000eeec300000] [id=12156]
  0x0000023bce00eb90 GCTaskThread "GC Thread#5" [stack: 0x000000eeec300000,0x000000eeec400000] [id=19648]
  0x0000023bfc99cc10 ConcurrentGCThread "G1 Main Marker" [stack: 0x000000eeead00000,0x000000eeeae00000] [id=6484]
  0x0000023be26edce0 ConcurrentGCThread "G1 Conc#0" [stack: 0x000000eeeae00000,0x000000eeeaf00000] [id=18344]
  0x0000023bfca6e820 ConcurrentGCThread "G1 Refine#0" [stack: 0x000000eeeaf00000,0x000000eeeb000000] [id=15768]
  0x0000023bfca6efe0 ConcurrentGCThread "G1 Service" [stack: 0x000000eeeb000000,0x000000eeeb100000] [id=16544]

Threads with active compile tasks:

VM state: not at safepoint (normal execution)

VM Mutex/Monitor currently owned by a thread:  ([mutex/lock_event])
[0x0000023be2677b30] Metaspace_lock - owner thread: 0x0000023bce1d1900

OutOfMemory and StackOverflow Exception counts:
OutOfMemoryError java_heap_errors=1
LinkageErrors=43

Heap address: 0x0000000703000000, size: 4048 MB, Compressed Oops mode: Zero based, Oop shift amount: 3

CDS archive(s) mapped at: [0x0000023b88000000-0x0000023b88bd0000-0x0000023b88bd0000), size 12386304, SharedBaseAddress: 0x0000023b88000000, ArchiveRelocationMode: 1.
Compressed class space mapped at: 0x0000023b89000000-0x0000023bc9000000, reserved size: 1073741824
Narrow klass base: 0x0000023b88000000, Narrow klass shift: 0, Narrow klass range: 0x100000000

GC Precious Log:
 CPUs: 8 total, 8 available
 Memory: 16190M
 Large Page Support: Disabled
 NUMA Support: Disabled
 Compressed Oops: Enabled (Zero based)
 Heap Region Size: 2M
 Heap Min Capacity: 8M
 Heap Initial Capacity: 254M
 Heap Max Capacity: 4048M
 Pre-touch: Disabled
 Parallel Workers: 8
 Concurrent Workers: 2
 Concurrent Refinement Workers: 8
 Periodic GC: Disabled

Heap:
 garbage-first heap   total 260096K, used 19049K [0x0000000703000000, 0x0000000800000000)
  region size 2048K, 10 young (20480K), 2 survivors (4096K)
 Metaspace       used 9759K, committed 9920K, reserved 1114112K
  class space    used 1190K, committed 1280K, reserved 1048576K

Heap Regions: E=young(eden), S=young(survivor), O=old, HS=humongous(starts), HC=humongous(continues), CS=collection set, F=free, OA=open archive, CA=closed archive, TAMS=top-at-mark-start (previous, next)
|   0|0x0000000703000000, 0x0000000703200000, 0x0000000703200000|100%| O|  |TAMS 0x0000000703000000, 0x0000000703000000| Untracked 
|   1|0x0000000703200000, 0x000000070329a400, 0x0000000703400000| 30%| O|  |TAMS 0x0000000703200000, 0x0000000703200000| Untracked 
|   2|0x0000000703400000, 0x0000000703400000, 0x0000000703600000|  0%| F|  |TAMS 0x0000000703400000, 0x0000000703400000| Untracked 
|   3|0x0000000703600000, 0x0000000703600000, 0x0000000703800000|  0%| F|  |TAMS 0x0000000703600000, 0x0000000703600000| Untracked 
|   4|0x0000000703800000, 0x0000000703800000, 0x0000000703a00000|  0%| F|  |TAMS 0x0000000703800000, 0x0000000703800000| Untracked 
|   5|0x0000000703a00000, 0x0000000703a00000, 0x0000000703c00000|  0%| F|  |TAMS 0x0000000703a00000, 0x0000000703a00000| Untracked 
|   6|0x0000000703c00000, 0x0000000703c00000, 0x0000000703e00000|  0%| F|  |TAMS 0x0000000703c00000, 0x0000000703c00000| Untracked 
|   7|0x0000000703e00000, 0x0000000703e00000, 0x0000000704000000|  0%| F|  |TAMS 0x0000000703e00000, 0x0000000703e00000| Untracked 
|   8|0x0000000704000000, 0x0000000704000000, 0x0000000704200000|  0%| F|  |TAMS 0x0000000704000000, 0x0000000704000000| Untracked 
|   9|0x0000000704200000, 0x0000000704200000, 0x0000000704400000|  0%| F|  |TAMS 0x0000000704200000, 0x0000000704200000| Untracked 
|  10|0x0000000704400000, 0x0000000704400000, 0x0000000704600000|  0%| F|  |TAMS 0x0000000704400000, 0x0000000704400000| Untracked 
|  11|0x0000000704600000, 0x0000000704600000, 0x0000000704800000|  0%| F|  |TAMS 0x0000000704600000, 0x0000000704600000| Untracked 
|  12|0x0000000704800000, 0x0000000704800000, 0x0000000704a00000|  0%| F|  |TAMS 0x0000000704800000, 0x0000000704800000| Untracked 
|  13|0x0000000704a00000, 0x0000000704a00000, 0x0000000704c00000|  0%| F|  |TAMS 0x0000000704a00000, 0x0000000704a00000| Untracked 
|  14|0x0000000704c00000, 0x0000000704c00000, 0x0000000704e00000|  0%| F|  |TAMS 0x0000000704c00000, 0x0000000704c00000| Untracked 
|  15|0x0000000704e00000, 0x0000000704e00000, 0x0000000705000000|  0%| F|  |TAMS 0x0000000704e00000, 0x0000000704e00000| Untracked 
|  16|0x0000000705000000, 0x0000000705000000, 0x0000000705200000|  0%| F|  |TAMS 0x0000000705000000, 0x0000000705000000| Untracked 
|  17|0x0000000705200000, 0x0000000705200000, 0x0000000705400000|  0%| F|  |TAMS 0x0000000705200000, 0x0000000705200000| Untracked 
|  18|0x0000000705400000, 0x0000000705400000, 0x0000000705600000|  0%| F|  |TAMS 0x0000000705400000, 0x0000000705400000| Untracked 
|  19|0x0000000705600000, 0x0000000705600000, 0x0000000705800000|  0%| F|  |TAMS 0x0000000705600000, 0x0000000705600000| Untracked 
|  20|0x0000000705800000, 0x0000000705800000, 0x0000000705a00000|  0%| F|  |TAMS 0x0000000705800000, 0x0000000705800000| Untracked 
|  21|0x0000000705a00000, 0x0000000705a00000, 0x0000000705c00000|  0%| F|  |TAMS 0x0000000705a00000, 0x0000000705a00000| Untracked 
|  22|0x0000000705c00000, 0x0000000705c00000, 0x0000000705e00000|  0%| F|  |TAMS 0x0000000705c00000, 0x0000000705c00000| Untracked 
|  23|0x0000000705e00000, 0x0000000705e00000, 0x0000000706000000|  0%| F|  |TAMS 0x0000000705e00000, 0x0000000705e00000| Untracked 
|  24|0x0000000706000000, 0x0000000706000000, 0x0000000706200000|  0%| F|  |TAMS 0x0000000706000000, 0x0000000706000000| Untracked 
|  25|0x0000000706200000, 0x0000000706200000, 0x0000000706400000|  0%| F|  |TAMS 0x0000000706200000, 0x0000000706200000| Untracked 
|  26|0x0000000706400000, 0x0000000706400000, 0x0000000706600000|  0%| F|  |TAMS 0x0000000706400000, 0x0000000706400000| Untracked 
|  27|0x0000000706600000, 0x0000000706600000, 0x0000000706800000|  0%| F|  |TAMS 0x0000000706600000, 0x0000000706600000| Untracked 
|  28|0x0000000706800000, 0x0000000706800000, 0x0000000706a00000|  0%| F|  |TAMS 0x0000000706800000, 0x0000000706800000| Untracked 
|  29|0x0000000706a00000, 0x0000000706a00000, 0x0000000706c00000|  0%| F|  |TAMS 0x0000000706a00000, 0x0000000706a00000| Untracked 
|  30|0x0000000706c00000, 0x0000000706c00000, 0x0000000706e00000|  0%| F|  |TAMS 0x0000000706c00000, 0x0000000706c00000| Untracked 
|  31|0x0000000706e00000, 0x0000000706e00000, 0x0000000707000000|  0%| F|  |TAMS 0x0000000706e00000, 0x0000000706e00000| Untracked 
|  32|0x0000000707000000, 0x0000000707000000, 0x0000000707200000|  0%| F|  |TAMS 0x0000000707000000, 0x0000000707000000| Untracked 
|  33|0x0000000707200000, 0x0000000707200000, 0x0000000707400000|  0%| F|  |TAMS 0x0000000707200000, 0x0000000707200000| Untracked 
|  34|0x0000000707400000, 0x0000000707400000, 0x0000000707600000|  0%| F|  |TAMS 0x0000000707400000, 0x0000000707400000| Untracked 
|  35|0x0000000707600000, 0x0000000707600000, 0x0000000707800000|  0%| F|  |TAMS 0x0000000707600000, 0x0000000707600000| Untracked 
|  36|0x0000000707800000, 0x0000000707800000, 0x0000000707a00000|  0%| F|  |TAMS 0x0000000707800000, 0x0000000707800000| Untracked 
|  37|0x0000000707a00000, 0x0000000707a00000, 0x0000000707c00000|  0%| F|  |TAMS 0x0000000707a00000, 0x0000000707a00000| Untracked 
|  38|0x0000000707c00000, 0x0000000707c00000, 0x0000000707e00000|  0%| F|  |TAMS 0x0000000707c00000, 0x0000000707c00000| Untracked 
|  39|0x0000000707e00000, 0x0000000707e00000, 0x0000000708000000|  0%| F|  |TAMS 0x0000000707e00000, 0x0000000707e00000| Untracked 
|  40|0x0000000708000000, 0x0000000708000000, 0x0000000708200000|  0%| F|  |TAMS 0x0000000708000000, 0x0000000708000000| Untracked 
|  41|0x0000000708200000, 0x0000000708200000, 0x0000000708400000|  0%| F|  |TAMS 0x0000000708200000, 0x0000000708200000| Untracked 
|  42|0x0000000708400000, 0x0000000708400000, 0x0000000708600000|  0%| F|  |TAMS 0x0000000708400000, 0x0000000708400000| Untracked 
|  43|0x0000000708600000, 0x0000000708600000, 0x0000000708800000|  0%| F|  |TAMS 0x0000000708600000, 0x0000000708600000| Untracked 
|  44|0x0000000708800000, 0x0000000708800000, 0x0000000708a00000|  0%| F|  |TAMS 0x0000000708800000, 0x0000000708800000| Untracked 
|  45|0x0000000708a00000, 0x0000000708a00000, 0x0000000708c00000|  0%| F|  |TAMS 0x0000000708a00000, 0x0000000708a00000| Untracked 
|  46|0x0000000708c00000, 0x0000000708c00000, 0x0000000708e00000|  0%| F|  |TAMS 0x0000000708c00000, 0x0000000708c00000| Untracked 
|  47|0x0000000708e00000, 0x0000000708e00000, 0x0000000709000000|  0%| F|  |TAMS 0x0000000708e00000, 0x0000000708e00000| Untracked 
|  48|0x0000000709000000, 0x0000000709000000, 0x0000000709200000|  0%| F|  |TAMS 0x0000000709000000, 0x0000000709000000| Untracked 
|  49|0x0000000709200000, 0x0000000709200000, 0x0000000709400000|  0%| F|  |TAMS 0x0000000709200000, 0x0000000709200000| Untracked 
|  50|0x0000000709400000, 0x0000000709400000, 0x0000000709600000|  0%| F|  |TAMS 0x0000000709400000, 0x0000000709400000| Untracked 
|  51|0x0000000709600000, 0x0000000709600000, 0x0000000709800000|  0%| F|  |TAMS 0x0000000709600000, 0x0000000709600000| Untracked 
|  52|0x0000000709800000, 0x0000000709800000, 0x0000000709a00000|  0%| F|  |TAMS 0x0000000709800000, 0x0000000709800000| Untracked 
|  53|0x0000000709a00000, 0x0000000709a00000, 0x0000000709c00000|  0%| F|  |TAMS 0x0000000709a00000, 0x0000000709a00000| Untracked 
|  54|0x0000000709c00000, 0x0000000709c00000, 0x0000000709e00000|  0%| F|  |TAMS 0x0000000709c00000, 0x0000000709c00000| Untracked 
|  55|0x0000000709e00000, 0x0000000709e00000, 0x000000070a000000|  0%| F|  |TAMS 0x0000000709e00000, 0x0000000709e00000| Untracked 
|  56|0x000000070a000000, 0x000000070a000000, 0x000000070a200000|  0%| F|  |TAMS 0x000000070a000000, 0x000000070a000000| Untracked 
|  57|0x000000070a200000, 0x000000070a200000, 0x000000070a400000|  0%| F|  |TAMS 0x000000070a200000, 0x000000070a200000| Untracked 
|  58|0x000000070a400000, 0x000000070a400000, 0x000000070a600000|  0%| F|  |TAMS 0x000000070a400000, 0x000000070a400000| Untracked 
|  59|0x000000070a600000, 0x000000070a600000, 0x000000070a800000|  0%| F|  |TAMS 0x000000070a600000, 0x000000070a600000| Untracked 
|  60|0x000000070a800000, 0x000000070a800000, 0x000000070aa00000|  0%| F|  |TAMS 0x000000070a800000, 0x000000070a800000| Untracked 
|  61|0x000000070aa00000, 0x000000070aa00000, 0x000000070ac00000|  0%| F|  |TAMS 0x000000070aa00000, 0x000000070aa00000| Untracked 
|  62|0x000000070ac00000, 0x000000070ac00000, 0x000000070ae00000|  0%| F|  |TAMS 0x000000070ac00000, 0x000000070ac00000| Untracked 
|  63|0x000000070ae00000, 0x000000070ae00000, 0x000000070b000000|  0%| F|  |TAMS 0x000000070ae00000, 0x000000070ae00000| Untracked 
|  64|0x000000070b000000, 0x000000070b000000, 0x000000070b200000|  0%| F|  |TAMS 0x000000070b000000, 0x000000070b000000| Untracked 
|  65|0x000000070b200000, 0x000000070b200000, 0x000000070b400000|  0%| F|  |TAMS 0x000000070b200000, 0x000000070b200000| Untracked 
|  66|0x000000070b400000, 0x000000070b400000, 0x000000070b600000|  0%| F|  |TAMS 0x000000070b400000, 0x000000070b400000| Untracked 
|  67|0x000000070b600000, 0x000000070b600000, 0x000000070b800000|  0%| F|  |TAMS 0x000000070b600000, 0x000000070b600000| Untracked 
|  68|0x000000070b800000, 0x000000070b800000, 0x000000070ba00000|  0%| F|  |TAMS 0x000000070b800000, 0x000000070b800000| Untracked 
|  69|0x000000070ba00000, 0x000000070ba00000, 0x000000070bc00000|  0%| F|  |TAMS 0x000000070ba00000, 0x000000070ba00000| Untracked 
|  70|0x000000070bc00000, 0x000000070bc00000, 0x000000070be00000|  0%| F|  |TAMS 0x000000070bc00000, 0x000000070bc00000| Untracked 
|  71|0x000000070be00000, 0x000000070be00000, 0x000000070c000000|  0%| F|  |TAMS 0x000000070be00000, 0x000000070be00000| Untracked 
|  72|0x000000070c000000, 0x000000070c000000, 0x000000070c200000|  0%| F|  |TAMS 0x000000070c000000, 0x000000070c000000| Untracked 
|  73|0x000000070c200000, 0x000000070c200000, 0x000000070c400000|  0%| F|  |TAMS 0x000000070c200000, 0x000000070c200000| Untracked 
|  74|0x000000070c400000, 0x000000070c400000, 0x000000070c600000|  0%| F|  |TAMS 0x000000070c400000, 0x000000070c400000| Untracked 
|  75|0x000000070c600000, 0x000000070c600000, 0x000000070c800000|  0%| F|  |TAMS 0x000000070c600000, 0x000000070c600000| Untracked 
|  76|0x000000070c800000, 0x000000070c800000, 0x000000070ca00000|  0%| F|  |TAMS 0x000000070c800000, 0x000000070c800000| Untracked 
|  77|0x000000070ca00000, 0x000000070ca00000, 0x000000070cc00000|  0%| F|  |TAMS 0x000000070ca00000, 0x000000070ca00000| Untracked 
|  78|0x000000070cc00000, 0x000000070cc00000, 0x000000070ce00000|  0%| F|  |TAMS 0x000000070cc00000, 0x000000070cc00000| Untracked 
|  79|0x000000070ce00000, 0x000000070ce00000, 0x000000070d000000|  0%| F|  |TAMS 0x000000070ce00000, 0x000000070ce00000| Untracked 
|  80|0x000000070d000000, 0x000000070d000000, 0x000000070d200000|  0%| F|  |TAMS 0x000000070d000000, 0x000000070d000000| Untracked 
|  81|0x000000070d200000, 0x000000070d200000, 0x000000070d400000|  0%| F|  |TAMS 0x000000070d200000, 0x000000070d200000| Untracked 
|  82|0x000000070d400000, 0x000000070d400000, 0x000000070d600000|  0%| F|  |TAMS 0x000000070d400000, 0x000000070d400000| Untracked 
|  83|0x000000070d600000, 0x000000070d600000, 0x000000070d800000|  0%| F|  |TAMS 0x000000070d600000, 0x000000070d600000| Untracked 
|  84|0x000000070d800000, 0x000000070d800000, 0x000000070da00000|  0%| F|  |TAMS 0x000000070d800000, 0x000000070d800000| Untracked 
|  85|0x000000070da00000, 0x000000070da00000, 0x000000070dc00000|  0%| F|  |TAMS 0x000000070da00000, 0x000000070da00000| Untracked 
|  86|0x000000070dc00000, 0x000000070dc00000, 0x000000070de00000|  0%| F|  |TAMS 0x000000070dc00000, 0x000000070dc00000| Untracked 
|  87|0x000000070de00000, 0x000000070de00000, 0x000000070e000000|  0%| F|  |TAMS 0x000000070de00000, 0x000000070de00000| Untracked 
|  88|0x000000070e000000, 0x000000070e000000, 0x000000070e200000|  0%| F|  |TAMS 0x000000070e000000, 0x000000070e000000| Untracked 
|  89|0x000000070e200000, 0x000000070e200000, 0x000000070e400000|  0%| F|  |TAMS 0x000000070e200000, 0x000000070e200000| Untracked 
|  90|0x000000070e400000, 0x000000070e400000, 0x000000070e600000|  0%| F|  |TAMS 0x000000070e400000, 0x000000070e400000| Untracked 
|  91|0x000000070e600000, 0x000000070e600000, 0x000000070e800000|  0%| F|  |TAMS 0x000000070e600000, 0x000000070e600000| Untracked 
|  92|0x000000070e800000, 0x000000070e800000, 0x000000070ea00000|  0%| F|  |TAMS 0x000000070e800000, 0x000000070e800000| Untracked 
|  93|0x000000070ea00000, 0x000000070ea00000, 0x000000070ec00000|  0%| F|  |TAMS 0x000000070ea00000, 0x000000070ea00000| Untracked 
|  94|0x000000070ec00000, 0x000000070ec00000, 0x000000070ee00000|  0%| F|  |TAMS 0x000000070ec00000, 0x000000070ec00000| Untracked 
|  95|0x000000070ee00000, 0x000000070ee00000, 0x000000070f000000|  0%| F|  |TAMS 0x000000070ee00000, 0x000000070ee00000| Untracked 
|  96|0x000000070f000000, 0x000000070f000000, 0x000000070f200000|  0%| F|  |TAMS 0x000000070f000000, 0x000000070f000000| Untracked 
|  97|0x000000070f200000, 0x000000070f200000, 0x000000070f400000|  0%| F|  |TAMS 0x000000070f200000, 0x000000070f200000| Untracked 
|  98|0x000000070f400000, 0x000000070f400000, 0x000000070f600000|  0%| F|  |TAMS 0x000000070f400000, 0x000000070f400000| Untracked 
|  99|0x000000070f600000, 0x000000070f600000, 0x000000070f800000|  0%| F|  |TAMS 0x000000070f600000, 0x000000070f600000| Untracked 
| 100|0x000000070f800000, 0x000000070f800000, 0x000000070fa00000|  0%| F|  |TAMS 0x000000070f800000, 0x000000070f800000| Untracked 
| 101|0x000000070fa00000, 0x000000070fa00000, 0x000000070fc00000|  0%| F|  |TAMS 0x000000070fa00000, 0x000000070fa00000| Untracked 
| 102|0x000000070fc00000, 0x000000070fc00000, 0x000000070fe00000|  0%| F|  |TAMS 0x000000070fc00000, 0x000000070fc00000| Untracked 
| 103|0x000000070fe00000, 0x000000070fe00000, 0x0000000710000000|  0%| F|  |TAMS 0x000000070fe00000, 0x000000070fe00000| Untracked 
| 104|0x0000000710000000, 0x0000000710000000, 0x0000000710200000|  0%| F|  |TAMS 0x0000000710000000, 0x0000000710000000| Untracked 
| 105|0x0000000710200000, 0x0000000710200000, 0x0000000710400000|  0%| F|  |TAMS 0x0000000710200000, 0x0000000710200000| Untracked 
| 106|0x0000000710400000, 0x0000000710400000, 0x0000000710600000|  0%| F|  |TAMS 0x0000000710400000, 0x0000000710400000| Untracked 
| 107|0x0000000710600000, 0x0000000710600000, 0x0000000710800000|  0%| F|  |TAMS 0x0000000710600000, 0x0000000710600000| Untracked 
| 108|0x0000000710800000, 0x0000000710800000, 0x0000000710a00000|  0%| F|  |TAMS 0x0000000710800000, 0x0000000710800000| Untracked 
| 109|0x0000000710a00000, 0x0000000710a00000, 0x0000000710c00000|  0%| F|  |TAMS 0x0000000710a00000, 0x0000000710a00000| Untracked 
| 110|0x0000000710c00000, 0x0000000710c00000, 0x0000000710e00000|  0%| F|  |TAMS 0x0000000710c00000, 0x0000000710c00000| Untracked 
| 111|0x0000000710e00000, 0x0000000710e00000, 0x0000000711000000|  0%| F|  |TAMS 0x0000000710e00000, 0x0000000710e00000| Untracked 
| 112|0x0000000711000000, 0x0000000711000000, 0x0000000711200000|  0%| F|  |TAMS 0x0000000711000000, 0x0000000711000000| Untracked 
| 113|0x0000000711200000, 0x0000000711200000, 0x0000000711400000|  0%| F|  |TAMS 0x0000000711200000, 0x0000000711200000| Untracked 
| 114|0x0000000711400000, 0x0000000711600000, 0x0000000711600000|100%| S|CS|TAMS 0x0000000711400000, 0x0000000711400000| Complete 
| 115|0x0000000711600000, 0x0000000711800000, 0x0000000711800000|100%| S|CS|TAMS 0x0000000711600000, 0x0000000711600000| Complete 
| 116|0x0000000711800000, 0x0000000711800000, 0x0000000711a00000|  0%| F|  |TAMS 0x0000000711800000, 0x0000000711800000| Untracked 
| 117|0x0000000711a00000, 0x0000000711a00000, 0x0000000711c00000|  0%| F|  |TAMS 0x0000000711a00000, 0x0000000711a00000| Untracked 
| 118|0x0000000711c00000, 0x0000000711c00000, 0x0000000711e00000|  0%| F|  |TAMS 0x0000000711c00000, 0x0000000711c00000| Untracked 
| 119|0x0000000711e00000, 0x0000000711f21e50, 0x0000000712000000| 56%| E|  |TAMS 0x0000000711e00000, 0x0000000711e00000| Complete 
| 120|0x0000000712000000, 0x0000000712200000, 0x0000000712200000|100%| E|CS|TAMS 0x0000000712000000, 0x0000000712000000| Complete 
| 121|0x0000000712200000, 0x0000000712400000, 0x0000000712400000|100%| E|CS|TAMS 0x0000000712200000, 0x0000000712200000| Complete 
| 122|0x0000000712400000, 0x0000000712600000, 0x0000000712600000|100%| E|  |TAMS 0x0000000712400000, 0x0000000712400000| Complete 
| 123|0x0000000712600000, 0x0000000712800000, 0x0000000712800000|100%| E|CS|TAMS 0x0000000712600000, 0x0000000712600000| Complete 
| 124|0x0000000712800000, 0x0000000712a00000, 0x0000000712a00000|100%| E|CS|TAMS 0x0000000712800000, 0x0000000712800000| Complete 
| 125|0x0000000712a00000, 0x0000000712c00000, 0x0000000712c00000|100%| E|CS|TAMS 0x0000000712a00000, 0x0000000712a00000| Complete 
| 126|0x0000000712c00000, 0x0000000712e00000, 0x0000000712e00000|100%| E|CS|TAMS 0x0000000712c00000, 0x0000000712c00000| Complete 

Card table byte_map: [0x0000023bfb920000,0x0000023bfc110000] _byte_map_base: 0x0000023bf8108000

Marking Bits (Prev, Next): (CMBitMap*) 0x0000023be26e92e0, (CMBitMap*) 0x0000023be26e9320
 Prev Bits: [0x0000023b80000000, 0x0000023b83f40000)
 Next Bits: [0x0000023b83f40000, 0x0000023b87e80000)

Polling page: 0x0000023be26f0000

Metaspace:

Usage:
  Non-class:      8.37 MB used.
      Class:      1.16 MB used.
       Both:      9.53 MB used.

Virtual space:
  Non-class space:       64.00 MB reserved,       8.44 MB ( 13%) committed,  1 nodes.
      Class space:        1.00 GB reserved,       1.25 MB ( <1%) committed,  1 nodes.
             Both:        1.06 GB reserved,       9.69 MB ( <1%) committed. 

Chunk freelists:
   Non-Class:  6.48 MB
       Class:  14.72 MB
        Both:  21.20 MB

MaxMetaspaceSize: unlimited
CompressedClassSpaceSize: 1.00 GB
Initial GC threshold: 21.00 MB
Current GC threshold: 21.00 MB
CDS: on
MetaspaceReclaimPolicy: balanced
 - commit_granule_bytes: 65536.
 - commit_granule_words: 8192.
 - virtual_space_node_default_size: 8388608.
 - enlarge_chunks_in_place: 1.
 - new_chunks_are_fully_committed: 0.
 - uncommit_free_chunks: 1.
 - use_allocation_guard: 0.
 - handle_deallocations: 1.


Internal statistics:

num_allocs_failed_limit: 0.
num_arena_births: 182.
num_arena_deaths: 0.
num_vsnodes_births: 2.
num_vsnodes_deaths: 0.
num_space_committed: 155.
num_space_uncommitted: 0.
num_chunks_returned_to_freelist: 0.
num_chunks_taken_from_freelist: 491.
num_chunk_merges: 0.
num_chunk_splits: 319.
num_chunks_enlarged: 246.
num_purges: 0.
num_inconsistent_stats: 0.

CodeHeap 'non-profiled nmethods': size=120000Kb used=547Kb max_used=547Kb free=119452Kb
 bounds [0x0000023bf3180000, 0x0000023bf33f0000, 0x0000023bfa6b0000]
CodeHeap 'profiled nmethods': size=120000Kb used=2658Kb max_used=2658Kb free=117342Kb
 bounds [0x0000023beb6b0000, 0x0000023beb950000, 0x0000023bf2be0000]
CodeHeap 'non-nmethods': size=5760Kb used=1152Kb max_used=1189Kb free=4607Kb
 bounds [0x0000023bf2be0000, 0x0000023bf2e50000, 0x0000023bf3180000]
 total_blobs=1918 nmethods=1475 adapters=356
 compilation: enabled
              stopped_count=0, restarted_count=0
 full_count=0

Compilation events (20 events):
Event: 1.585 Thread 0x0000023be24bebf0 nmethod 1466 0x0000023beb944110 code [0x0000023beb9442e0, 0x0000023beb9445d8]
Event: 1.585 Thread 0x0000023be24bebf0 1467       3       java.security.AccessController::doPrivileged (9 bytes)
Event: 1.586 Thread 0x0000023be24bebf0 nmethod 1467 0x0000023beb944710 code [0x0000023beb9448e0, 0x0000023beb944c18]
Event: 1.587 Thread 0x0000023be24bebf0 1468       3       jdk.internal.org.objectweb.asm.FieldWriter::visitEnd (1 bytes)
Event: 1.587 Thread 0x0000023be24bebf0 nmethod 1468 0x0000023beb944d90 code [0x0000023beb944f20, 0x0000023beb945038]
Event: 1.588 Thread 0x0000023be24bf100 nmethod 1464 0x0000023bf3207b90 code [0x0000023bf3207d20, 0x0000023bf3208018]
Event: 1.601 Thread 0x0000023be24bf100 1469       4       java.lang.StringConcatHelper::prepend (37 bytes)
Event: 1.604 Thread 0x0000023be24bf100 nmethod 1469 0x0000023bf3208190 code [0x0000023bf3208320, 0x0000023bf32084b8]
Event: 1.619 Thread 0x0000023be24bf100 1470       4       org.springframework.util.Assert::notNull (14 bytes)
Event: 1.620 Thread 0x0000023be24bf100 nmethod 1470 0x0000023bf3208690 code [0x0000023bf3208800, 0x0000023bf3208878]
Event: 1.632 Thread 0x0000023be24bebf0 1471       1       java.lang.ClassLoader::getUnnamedModule (5 bytes)
Event: 1.633 Thread 0x0000023be24bebf0 nmethod 1471 0x0000023bf3208990 code [0x0000023bf3208b20, 0x0000023bf3208bf8]
Event: 1.654 Thread 0x0000023be24bebf0 1472       3       org.springframework.core.ResolvableType::resolveType (146 bytes)
Event: 1.656 Thread 0x0000023be24bebf0 nmethod 1472 0x0000023beb945110 code [0x0000023beb9454c0, 0x0000023beb9477c8]
Event: 1.656 Thread 0x0000023be24bebf0 1473       3       org.springframework.core.ResolvableType::forClass (9 bytes)
Event: 1.656 Thread 0x0000023be24bebf0 nmethod 1473 0x0000023beb947e10 code [0x0000023beb947fc0, 0x0000023beb948148]
Event: 1.656 Thread 0x0000023be24bebf0 1475       1       ch.qos.logback.classic.spi.LogbackServiceProvider::getLoggerFactory (5 bytes)
Event: 1.656 Thread 0x0000023be24bebf0 nmethod 1475 0x0000023bf3208c90 code [0x0000023bf3208e20, 0x0000023bf3208ef8]
Event: 1.656 Thread 0x0000023be24bebf0 1474       3       org.springframework.core.ResolvableType::<init> (47 bytes)
Event: 1.657 Thread 0x0000023be24bebf0 nmethod 1474 0x0000023beb948210 code [0x0000023beb9483c0, 0x0000023beb948718]

GC Heap History (2 events):
Event: 1.124 GC heap before
{Heap before GC invocations=0 (full 0):
 garbage-first heap   total 260096K, used 20480K [0x0000000703000000, 0x0000000800000000)
  region size 2048K, 11 young (22528K), 0 survivors (0K)
 Metaspace       used 5837K, committed 6016K, reserved 1114112K
  class space    used 695K, committed 768K, reserved 1048576K
}
Event: 1.130 GC heap after
{Heap after GC invocations=1 (full 0):
 garbage-first heap   total 260096K, used 6761K [0x0000000703000000, 0x0000000800000000)
  region size 2048K, 2 young (4096K), 2 survivors (4096K)
 Metaspace       used 5837K, committed 6016K, reserved 1114112K
  class space    used 695K, committed 768K, reserved 1048576K
}

Deoptimization events (20 events):
Event: 1.184 Thread 0x0000023be267d330 Uncommon trap: trap_request=0xffffffde fr.pc=0x0000023bf31e50c8 relative=0x0000000000000128
Event: 1.184 Thread 0x0000023be267d330 Uncommon trap: reason=class_check action=maybe_recompile pc=0x0000023bf31e50c8 method=jdk.internal.misc.Unsafe.allocateUninitializedArray(Ljava/lang/Class;I)Ljava/lang/Object; @ 51 c2
Event: 1.184 Thread 0x0000023be267d330 DEOPT PACKING pc=0x0000023bf31e50c8 sp=0x000000eeeabfd660
Event: 1.184 Thread 0x0000023be267d330 DEOPT UNPACKING pc=0x0000023bf2c323a3 sp=0x000000eeeabfd5e8 mode 2
Event: 1.334 Thread 0x0000023be267d330 Uncommon trap: trap_request=0xffffffc6 fr.pc=0x0000023bf31e0034 relative=0x0000000000000354
Event: 1.335 Thread 0x0000023be267d330 Uncommon trap: reason=bimorphic_or_optimized_type_check action=maybe_recompile pc=0x0000023bf31e0034 method=java.util.HashMap.getNode(Ljava/lang/Object;)Ljava/util/HashMap$Node; @ 63 c2
Event: 1.335 Thread 0x0000023be267d330 DEOPT PACKING pc=0x0000023bf31e0034 sp=0x000000eeeabfe4c0
Event: 1.335 Thread 0x0000023be267d330 DEOPT UNPACKING pc=0x0000023bf2c323a3 sp=0x000000eeeabfe428 mode 2
Event: 1.335 Thread 0x0000023be267d330 Uncommon trap: trap_request=0xffffffc6 fr.pc=0x0000023bf31e0034 relative=0x0000000000000354
Event: 1.335 Thread 0x0000023be267d330 Uncommon trap: reason=bimorphic_or_optimized_type_check action=maybe_recompile pc=0x0000023bf31e0034 method=java.util.HashMap.getNode(Ljava/lang/Object;)Ljava/util/HashMap$Node; @ 63 c2
Event: 1.335 Thread 0x0000023be267d330 DEOPT PACKING pc=0x0000023bf31e0034 sp=0x000000eeeabfe4c0
Event: 1.335 Thread 0x0000023be267d330 DEOPT UNPACKING pc=0x0000023bf2c323a3 sp=0x000000eeeabfe428 mode 2
Event: 1.339 Thread 0x0000023be267d330 Uncommon trap: trap_request=0xffffffc6 fr.pc=0x0000023bf31e0034 relative=0x0000000000000354
Event: 1.339 Thread 0x0000023be267d330 Uncommon trap: reason=bimorphic_or_optimized_type_check action=maybe_recompile pc=0x0000023bf31e0034 method=java.util.HashMap.getNode(Ljava/lang/Object;)Ljava/util/HashMap$Node; @ 63 c2
Event: 1.339 Thread 0x0000023be267d330 DEOPT PACKING pc=0x0000023bf31e0034 sp=0x000000eeeabfe4c0
Event: 1.339 Thread 0x0000023be267d330 DEOPT UNPACKING pc=0x0000023bf2c323a3 sp=0x000000eeeabfe428 mode 2
Event: 1.509 Thread 0x0000023be267d330 Uncommon trap: trap_request=0xffffff45 fr.pc=0x0000023bf31ec154 relative=0x00000000000010b4
Event: 1.509 Thread 0x0000023be267d330 Uncommon trap: reason=unstable_if action=reinterpret pc=0x0000023bf31ec154 method=java.util.concurrent.ConcurrentHashMap.putVal(Ljava/lang/Object;Ljava/lang/Object;Z)Ljava/lang/Object; @ 148 c2
Event: 1.509 Thread 0x0000023be267d330 DEOPT PACKING pc=0x0000023bf31ec154 sp=0x000000eeeabfdc00
Event: 1.510 Thread 0x0000023be267d330 DEOPT UNPACKING pc=0x0000023bf2c323a3 sp=0x000000eeeabfdb80 mode 2

Classes unloaded (0 events):
No events

Classes redefined (0 events):
No events

Internal exceptions (20 events):
Event: 1.241 Thread 0x0000023be267d330 Exception <a 'java/lang/NoSuchMethodError'{0x0000000712aad3e8}: 'int java.lang.invoke.DirectMethodHandle$Holder.invokeVirtual(java.lang.Object, java.lang.Object)'> (0x0000000712aad3e8) 
thrown [s\open\src\hotspot\share\interpreter\linkResolver.cpp, line 759]
Event: 1.285 Thread 0x0000023be267d330 Exception <a 'java/lang/NoSuchMethodError'{0x0000000712b637b0}: 'java.lang.Object java.lang.invoke.DirectMethodHandle$Holder.invokeSpecial(java.lang.Object, java.lang.Object, java.lang.Object, int, java.lang.Object)'> (0x0000000712b637b0) 
thrown [s\open\src\hotspot\share\interpreter\linkResolver.cpp, line 759]
Event: 1.286 Thread 0x0000023be267d330 Exception <a 'java/lang/NoSuchMethodError'{0x0000000712b6be10}: 'java.lang.Object java.lang.invoke.DirectMethodHandle$Holder.newInvokeSpecial(java.lang.Object, java.lang.Object, java.lang.Object, int, java.lang.Object)'> (0x0000000712b6be10) 
thrown [s\open\src\hotspot\share\interpreter\linkResolver.cpp, line 759]
Event: 1.286 Thread 0x0000023be267d330 Exception <a 'java/lang/NoSuchMethodError'{0x0000000712b737e0}: 'java.lang.Object java.lang.invoke.Invokers$Holder.linkToTargetMethod(java.lang.Object, java.lang.Object, int, java.lang.Object, java.lang.Object)'> (0x0000000712b737e0) 
thrown [s\open\src\hotspot\share\interpreter\linkResolver.cpp, line 759]
Event: 1.288 Thread 0x0000023be267d330 Exception <a 'java/lang/NoSuchMethodError'{0x0000000712b82660}: 'java.lang.Object java.lang.invoke.DirectMethodHandle$Holder.newInvokeSpecial(java.lang.Object, int, java.lang.Object)'> (0x0000000712b82660) 
thrown [s\open\src\hotspot\share\interpreter\linkResolver.cpp, line 759]
Event: 1.289 Thread 0x0000023be267d330 Exception <a 'java/lang/NoSuchMethodError'{0x0000000712b87340}: 'int java.lang.invoke.DirectMethodHandle$Holder.invokeSpecialIFC(java.lang.Object, java.lang.Object, java.lang.Object, java.lang.Object)'> (0x0000000712b87340) 
thrown [s\open\src\hotspot\share\interpreter\linkResolver.cpp, line 759]
Event: 1.320 Thread 0x0000023be267d330 Exception <a 'java/lang/NoSuchMethodError'{0x000000071285c558}: 'void java.lang.invoke.DirectMethodHandle$Holder.invokeInterface(java.lang.Object, java.lang.Object, java.lang.Object)'> (0x000000071285c558) 
thrown [s\open\src\hotspot\share\interpreter\linkResolver.cpp, line 759]
Event: 1.344 Thread 0x0000023be267d330 Exception <a 'java/lang/NoSuchMethodError'{0x00000007128cbb90}: 'void java.lang.invoke.DirectMethodHandle$Holder.invokeStatic(java.lang.Object, java.lang.Object)'> (0x00000007128cbb90) 
thrown [s\open\src\hotspot\share\interpreter\linkResolver.cpp, line 759]
Event: 1.345 Thread 0x0000023be267d330 Exception <a 'java/lang/NoSuchMethodError'{0x00000007128cf390}: 'void java.lang.invoke.DirectMethodHandle$Holder.invokeStaticInit(java.lang.Object, java.lang.Object)'> (0x00000007128cf390) 
thrown [s\open\src\hotspot\share\interpreter\linkResolver.cpp, line 759]
Event: 1.348 Thread 0x0000023be267d330 Exception <a 'java/lang/NoSuchMethodError'{0x00000007128dbd58}: 'void java.lang.invoke.DirectMethodHandle$Holder.invokeStaticInit(java.lang.Object, java.lang.Object, java.lang.Object)'> (0x00000007128dbd58) 
thrown [s\open\src\hotspot\share\interpreter\linkResolver.cpp, line 759]
Event: 1.356 Thread 0x0000023be267d330 Exception <a 'java/lang/NoSuchMethodError'{0x00000007129189b8}: 'java.lang.Object java.lang.invoke.DirectMethodHandle$Holder.invokeStatic(java.lang.Object, java.lang.Object, long, java.lang.Object)'> (0x00000007129189b8) 
thrown [s\open\src\hotspot\share\interpreter\linkResolver.cpp, line 759]
Event: 1.357 Thread 0x0000023be267d330 Exception <a 'java/lang/NoSuchMethodError'{0x000000071291c450}: 'java.lang.Object java.lang.invoke.DirectMethodHandle$Holder.invokeStaticInit(java.lang.Object, java.lang.Object, long, java.lang.Object)'> (0x000000071291c450) 
thrown [s\open\src\hotspot\share\interpreter\linkResolver.cpp, line 759]
Event: 1.357 Thread 0x0000023be267d330 Exception <a 'java/lang/NoSuchMethodError'{0x0000000712922bd0}: 'java.lang.Object java.lang.invoke.DirectMethodHandle$Holder.newInvokeSpecial(java.lang.Object, java.lang.Object, long)'> (0x0000000712922bd0) 
thrown [s\open\src\hotspot\share\interpreter\linkResolver.cpp, line 759]
Event: 1.358 Thread 0x0000023be267d330 Exception <a 'java/lang/NoSuchMethodError'{0x0000000712926740}: 'java.lang.Object java.lang.invoke.Invokers$Holder.linkToTargetMethod(java.lang.Object, long, java.lang.Object)'> (0x0000000712926740) 
thrown [s\open\src\hotspot\share\interpreter\linkResolver.cpp, line 759]
Event: 1.379 Thread 0x0000023be267d330 Exception <a 'java/lang/NoSuchMethodError'{0x000000071296f4e8}: 'void java.lang.invoke.DirectMethodHandle$Holder.invokeVirtual(java.lang.Object, java.lang.Object, java.lang.Object, java.lang.Object)'> (0x000000071296f4e8) 
thrown [s\open\src\hotspot\share\interpreter\linkResolver.cpp, line 759]
Event: 1.469 Thread 0x0000023be267d330 Exception <a 'java/lang/NoSuchMethodError'{0x00000007126cf2a0}: 'void java.lang.invoke.DirectMethodHandle$Holder.invokeSpecial(java.lang.Object, java.lang.Object, java.lang.Object)'> (0x00000007126cf2a0) 
thrown [s\open\src\hotspot\share\interpreter\linkResolver.cpp, line 759]
Event: 1.474 Thread 0x0000023be267d330 Exception <a 'java/lang/NoSuchMethodError'{0x00000007126d5878}: 'void java.lang.invoke.DirectMethodHandle$Holder.invokeSpecial(java.lang.Object, java.lang.Object, java.lang.Object, java.lang.Object, java.lang.Object)'> (0x00000007126d5878) 
thrown [s\open\src\hotspot\share\interpreter\linkResolver.cpp, line 759]
Event: 1.484 Thread 0x0000023be267d330 Exception <a 'java/lang/IncompatibleClassChangeError'{0x0000000712702790}: Found class java.lang.Object, but interface was expected> (0x0000000712702790) 
thrown [s\open\src\hotspot\share\interpreter\linkResolver.cpp, line 826]
Event: 1.488 Thread 0x0000023bce1d1900 Exception <a 'java/lang/NoClassDefFoundError'{0x0000000712761998}: jakarta/validation/Validation> (0x0000000712761998) 
thrown [s\open\src\hotspot\share\classfile\systemDictionary.cpp, line 245]
Event: 1.650 Thread 0x0000023be267d330 Exception <a 'java/lang/OutOfMemoryError'{0x0000000711e74eb0}> (0x0000000711e74eb0) 
thrown [s\open\src\hotspot\share\prims\jni.cpp, line 535]

VM Operations (16 events):
Event: 0.223 Executing VM operation: HandshakeAllThreads
Event: 0.223 Executing VM operation: HandshakeAllThreads done
Event: 0.408 Executing VM operation: HandshakeAllThreads
Event: 0.408 Executing VM operation: HandshakeAllThreads done
Event: 0.422 Executing VM operation: HandshakeAllThreads
Event: 0.422 Executing VM operation: HandshakeAllThreads done
Event: 0.620 Executing VM operation: HandshakeAllThreads
Event: 0.620 Executing VM operation: HandshakeAllThreads done
Event: 0.932 Executing VM operation: HandshakeAllThreads
Event: 0.932 Executing VM operation: HandshakeAllThreads done
Event: 1.124 Executing VM operation: G1CollectForAllocation
Event: 1.130 Executing VM operation: G1CollectForAllocation done
Event: 1.236 Executing VM operation: HandshakeAllThreads
Event: 1.236 Executing VM operation: HandshakeAllThreads done
Event: 1.458 Executing VM operation: HandshakeAllThreads
Event: 1.458 Executing VM operation: HandshakeAllThreads done

Events (20 events):
Event: 1.586 loading class jdk/xml/internal/XMLSecurityManager$Limit
Event: 1.586 loading class jdk/xml/internal/XMLSecurityManager$Limit done
Event: 1.586 loading class jdk/xml/internal/XMLSecurityManager$Processor
Event: 1.586 loading class jdk/xml/internal/XMLSecurityManager$Processor done
Event: 1.586 loading class jdk/xml/internal/XMLSecurityManager$NameMap
Event: 1.587 loading class jdk/xml/internal/XMLSecurityManager$NameMap done
Event: 1.587 loading class jdk/xml/internal/JdkProperty
Event: 1.587 loading class jdk/xml/internal/JdkProperty done
Event: 1.607 loading class java/io/NotSerializableException
Event: 1.607 loading class java/io/ObjectStreamException
Event: 1.607 loading class java/io/ObjectStreamException done
Event: 1.607 loading class java/io/NotSerializableException done
Event: 1.637 loading class java/lang/CloneNotSupportedException
Event: 1.637 loading class java/lang/CloneNotSupportedException done
Event: 1.656 loading class java/util/concurrent/locks/AbstractQueuedSynchronizer$SharedNode
Event: 1.656 loading class java/util/concurrent/locks/AbstractQueuedSynchronizer$Node
Event: 1.656 loading class java/util/concurrent/locks/AbstractQueuedSynchronizer$Node done
Event: 1.656 loading class java/util/concurrent/locks/AbstractQueuedSynchronizer$SharedNode done
Event: 1.656 loading class java/util/concurrent/locks/AbstractQueuedSynchronizer$ExclusiveNode
Event: 1.656 loading class java/util/concurrent/locks/AbstractQueuedSynchronizer$ExclusiveNode done


Dynamic libraries:
0x00007ff62e850000 - 0x00007ff62e860000 	C:\Program Files\Java\jdk-17\bin\javaw.exe
0x00007ff843eb0000 - 0x00007ff8440a8000 	C:\WINDOWS\SYSTEM32\ntdll.dll
0x00007ff841fc0000 - 0x00007ff84207d000 	C:\WINDOWS\System32\KERNEL32.DLL
0x00007ff8416c0000 - 0x00007ff8419b6000 	C:\WINDOWS\System32\KERNELBASE.dll
0x00007ff841f10000 - 0x00007ff841fbe000 	C:\WINDOWS\System32\ADVAPI32.DLL
0x00007ff842f10000 - 0x00007ff842fae000 	C:\WINDOWS\System32\msvcrt.dll
0x00007ff8431d0000 - 0x00007ff84326c000 	C:\WINDOWS\System32\sechost.dll
0x00007ff8430a0000 - 0x00007ff8431c6000 	C:\WINDOWS\System32\RPCRT4.dll
0x00007ff841e10000 - 0x00007ff841f10000 	C:\WINDOWS\System32\ucrtbase.dll
0x00007ff825080000 - 0x00007ff825099000 	C:\Program Files\Java\jdk-17\bin\jli.dll
0x00007ff842d70000 - 0x00007ff842f0e000 	C:\WINDOWS\System32\USER32.dll
0x00007ff841a60000 - 0x00007ff841a82000 	C:\WINDOWS\System32\win32u.dll
0x00007ff842c00000 - 0x00007ff842c2c000 	C:\WINDOWS\System32\GDI32.dll
0x00007ff841b40000 - 0x00007ff841c5a000 	C:\WINDOWS\System32\gdi32full.dll
0x00007ff841590000 - 0x00007ff84162d000 	C:\WINDOWS\System32\msvcp_win.dll
0x00007ff825060000 - 0x00007ff82507b000 	C:\Program Files\Java\jdk-17\bin\VCRUNTIME140.dll
0x00007ff8250c0000 - 0x00007ff82535a000 	C:\WINDOWS\WinSxS\amd64_microsoft.windows.common-controls_6595b64144ccf1df_6.0.19041.1110_none_60b5254171f9507e\COMCTL32.dll
0x00007ff8401e0000 - 0x00007ff8401ea000 	C:\WINDOWS\SYSTEM32\VERSION.dll
0x00007ff843810000 - 0x00007ff843840000 	C:\WINDOWS\System32\IMM32.DLL
0x00007fffe26a0000 - 0x00007fffe2d13000 	C:\Program Files\McAfee\DLP\Agent\fcagpph64.dll
0x00007ff842130000 - 0x00007ff842875000 	C:\WINDOWS\System32\SHELL32.dll
0x00007ff842c40000 - 0x00007ff842d6a000 	C:\WINDOWS\System32\ole32.dll
0x00007ff843840000 - 0x00007ff843b94000 	C:\WINDOWS\System32\combase.dll
0x00007ff843c30000 - 0x00007ff843c85000 	C:\WINDOWS\System32\SHLWAPI.dll
0x00007ff842880000 - 0x00007ff8428eb000 	C:\WINDOWS\System32\WS2_32.dll
0x00007ff843740000 - 0x00007ff84380d000 	C:\WINDOWS\System32\OLEAUT32.dll
0x00007ff816980000 - 0x00007ff816a1d000 	C:\WINDOWS\SYSTEM32\WINSPOOL.DRV
0x00007ff842080000 - 0x00007ff84212d000 	C:\WINDOWS\System32\shcore.dll
0x00007ff841440000 - 0x00007ff841472000 	C:\WINDOWS\SYSTEM32\SspiCli.dll
0x00007ff840690000 - 0x00007ff8406c3000 	C:\WINDOWS\SYSTEM32\ntmarta.dll
0x00007ff825050000 - 0x00007ff82505c000 	C:\Program Files\Java\jdk-17\bin\vcruntime140_1.dll
0x00007ff824fc0000 - 0x00007ff82504e000 	C:\Program Files\Java\jdk-17\bin\msvcp140.dll
0x00007fffb62c0000 - 0x00007fffb6e9e000 	C:\Program Files\Java\jdk-17\bin\server\jvm.dll
0x00007ff842c30000 - 0x00007ff842c38000 	C:\WINDOWS\System32\PSAPI.DLL
0x00007ff81d070000 - 0x00007ff81d079000 	C:\WINDOWS\SYSTEM32\WSOCK32.dll
0x00007ff8210a0000 - 0x00007ff8210c7000 	C:\WINDOWS\SYSTEM32\WINMM.dll
0x00007ff840190000 - 0x00007ff8401a2000 	C:\WINDOWS\SYSTEM32\kernel.appcore.dll
0x00007ff824fb0000 - 0x00007ff824fba000 	C:\Program Files\Java\jdk-17\bin\jimage.dll
0x00007ff83f500000 - 0x00007ff83f6e4000 	C:\WINDOWS\SYSTEM32\DBGHELP.DLL
0x00007ff81d030000 - 0x00007ff81d064000 	C:\WINDOWS\SYSTEM32\dbgcore.DLL
0x00007ff841630000 - 0x00007ff8416b2000 	C:\WINDOWS\System32\bcryptPrimitives.dll
0x00007ff824f80000 - 0x00007ff824fa5000 	C:\Program Files\Java\jdk-17\bin\java.dll
0x00007ff824d80000 - 0x00007ff824e57000 	C:\Program Files\Java\jdk-17\bin\jsvml.dll
0x00007ff83ec90000 - 0x00007ff83f42b000 	C:\WINDOWS\SYSTEM32\windows.storage.dll
0x00007ff840f00000 - 0x00007ff840f2e000 	C:\WINDOWS\SYSTEM32\Wldp.dll
0x00007ff8414c0000 - 0x00007ff8414e5000 	C:\WINDOWS\SYSTEM32\profapi.dll
0x00007ff824f60000 - 0x00007ff824f79000 	C:\Program Files\Java\jdk-17\bin\net.dll
0x00007ff8404f0000 - 0x00007ff8405fa000 	C:\WINDOWS\SYSTEM32\WINHTTP.dll
0x00007ff840c60000 - 0x00007ff840cca000 	C:\WINDOWS\system32\mswsock.dll
0x00007ff824f40000 - 0x00007ff824f56000 	C:\Program Files\Java\jdk-17\bin\nio.dll
0x00007ff824f20000 - 0x00007ff824f38000 	C:\Program Files\Java\jdk-17\bin\zip.dll

dbghelp: loaded successfully - version: 4.0.5 - missing functions: none
symbol engine: initialized successfully - sym options: 0x614 - pdb path: .;C:\Program Files\Java\jdk-17\bin;C:\WINDOWS\SYSTEM32;C:\WINDOWS\WinSxS\amd64_microsoft.windows.common-controls_6595b64144ccf1df_6.0.19041.1110_none_60b5254171f9507e;C:\Program Files\McAfee\DLP\Agent;C:\Program Files\Java\jdk-17\bin\server

VM Arguments:
jvm_args: -Dfile.encoding=UTF-8 -XX:+ShowCodeDetailsInExceptionMessages 
java_command: com.agni.hotel.hotelmanagement.HotelmanagementApplication
java_class_path (initial): C:\Users\muralia\Downloads\hotelmanagement (1)\hotelmanagement\target\classes;C:\Users\muralia\.m2\repository\org\springframework\boot\spring-boot-starter-data-jdbc\3.1.4\spring-boot-starter-data-jdbc-3.1.4.jar;C:\Users\muralia\.m2\repository\org\springframework\boot\spring-boot-starter-jdbc\3.1.4\spring-boot-starter-jdbc-3.1.4.jar;C:\Users\muralia\.m2\repository\com\zaxxer\HikariCP\5.0.1\HikariCP-5.0.1.jar;C:\Users\muralia\.m2\repository\org\springframework\spring-jdbc\6.0.12\spring-jdbc-6.0.12.jar;C:\Users\muralia\.m2\repository\org\springframework\data\spring-data-jdbc\3.1.4\spring-data-jdbc-3.1.4.jar;C:\Users\muralia\.m2\repository\org\springframework\data\spring-data-relational\3.1.4\spring-data-relational-3.1.4.jar;C:\Users\muralia\.m2\repository\org\springframework\data\spring-data-commons\3.1.4\spring-data-commons-3.1.4.jar;C:\Users\muralia\.m2\repository\org\springframework\spring-tx\6.0.12\spring-tx-6.0.12.jar;C:\Users\muralia\.m2\repository\org\springframework\spring-context\6.0.12\spring-context-6.0.12.jar;C:\Users\muralia\.m2\repository\org\springframework\spring-beans\6.0.12\spring-beans-6.0.12.jar;C:\Users\muralia\.m2\repository\org\slf4j\slf4j-api\2.0.9\slf4j-api-2.0.9.jar;C:\Users\muralia\.m2\repository\org\springframework\boot\spring-boot-starter-security\3.1.4\spring-boot-starter-security-3.1.4.jar;C:\Users\muralia\.m2\repository\org\springframework\boot\spring-boot-starter\3.1.4\spring-boot-starter-3.1.4.jar;C:\Users\muralia\.m2\repository\org\springframework\boot\spring-boot\3.1.4\spring-boot-3.1.4.jar;C:\Users\muralia\.m2\repository\org\springframework\boot\spring-boot-autoconfigure\3.1.4\spring-boot-autoconfigure-3.1.4.jar;C:\Users\muralia\.m2\repository\org\springframework\boot\spring-boot-starter-logging\3.1.4\spring-boot-starter-logging-3.1.4.jar;C:\Users\muralia\.m2\repository\ch\qos\logback\logback-classic\1.4.11\logback-classic-1.4.11.jar;C:\Users\muralia\.m2\repository\ch\qos\logback\logback-core\1.4.11\logb
Launcher Type: SUN_STANDARD

[Global flags]
     intx CICompilerCount                          = 4                                         {product} {ergonomic}
     uint ConcGCThreads                            = 2                                         {product} {ergonomic}
     uint G1ConcRefinementThreads                  = 8                                         {product} {ergonomic}
   size_t G1HeapRegionSize                         = 2097152                                   {product} {ergonomic}
    uintx GCDrainStackTargetSize                   = 64                                        {product} {ergonomic}
   size_t InitialHeapSize                          = 266338304                                 {product} {ergonomic}
   size_t MarkStackSize                            = 4194304                                   {product} {ergonomic}
   size_t MaxHeapSize                              = 4244635648                                {product} {ergonomic}
   size_t MaxNewSize                               = 2545942528                                {product} {ergonomic}
   size_t MinHeapDeltaBytes                        = 2097152                                   {product} {ergonomic}
   size_t MinHeapSize                              = 8388608                                   {product} {ergonomic}
    uintx NonNMethodCodeHeapSize                   = 5839372                                {pd product} {ergonomic}
    uintx NonProfiledCodeHeapSize                  = 122909434                              {pd product} {ergonomic}
    uintx ProfiledCodeHeapSize                     = 122909434                              {pd product} {ergonomic}
    uintx ReservedCodeCacheSize                    = 251658240                              {pd product} {ergonomic}
     bool SegmentedCodeCache                       = true                                      {product} {ergonomic}
     bool ShowCodeDetailsInExceptionMessages       = true                                   {manageable} {command line}
   size_t SoftMaxHeapSize                          = 4244635648                             {manageable} {ergonomic}
     bool UseCompressedClassPointers               = true                           {product lp64_product} {ergonomic}
     bool UseCompressedOops                        = true                           {product lp64_product} {ergonomic}
     bool UseG1GC                                  = true                                      {product} {ergonomic}
     bool UseLargePagesIndividualAllocation        = false                                  {pd product} {ergonomic}

Logging:
Log output configuration:
 #0: stdout all=warning uptime,level,tags
 #1: stderr all=off uptime,level,tags

Environment Variables:
JAVA_HOME=C:\Program Files\Java\jdk1.8.0_271/
PATH=C:\Program Files\Common Files\Oracle\Java\javapath;C:\Program Files (x86)\Common Files\Oracle\Java\javapath;C:\WINDOWS\system32;C:\WINDOWS;C:\WINDOWS\System32\Wbem;C:\WINDOWS\System32\WindowsPowerShell\v1.0\;C:\WINDOWS\System32\OpenSSH\;C:\Program Files\Java\jdk1.8.0_271\bin;C:\Program Files\Git\cmd;C:\Program Files\nodejs\;C:\Program Files (x86)\dotnet\;C:\Program Files\Java\jdk-17\bin;C:\Program Files\MySQL\MySQL Server 8.0\bin;C:\Program Files\MySQL\MySQL Shell 8.0\bin\;C:\Users\muralia\.windows-build-tools\python27\;C:\Users\muralia\AppData\Local\Microsoft\WindowsApps;C:\Users\muralia\AppData\Local\Programs\Microsoft VS Code\bin;C:\Program Files\Java\jdk1.8.0_271\bin;C:\Program Files\heroku\bin;C:\Users\muralia\AppData\Roaming\npm;C:\Users\muralia\AppData\Local\Microsoft\WindowsApps;C:\Users\muralia\AppData\Local\GitHubDesktop\bin;C:\Users\muralia\Documents\learning\flutter\sdk\flutter_windows_3.3.2-stable\flutter\bin;C:\Program Files\Java\jdk-17\bin;;C:\Program Files\JetBrains\IntelliJ IDEA Community Edition 2023.2.2\bin;
USERNAME=muralia
OS=Windows_NT
PROCESSOR_IDENTIFIER=Intel64 Family 6 Model 142 Stepping 12, GenuineIntel



---------------  S Y S T E M  ---------------

OS:
 Windows 10 , 64 bit Build 19041 (10.0.19041.3393)
OS uptime: 2 days 16:59 hours

CPU: total 8 (initial active 8) (4 cores per cpu, 2 threads per core) family 6 model 142 stepping 12 microcode 0xf8, cx8, cmov, fxsr, ht, mmx, 3dnowpref, sse, sse2, sse3, ssse3, sse4.1, sse4.2, popcnt, lzcnt, tsc, tscinvbit, avx, avx2, aes, erms, clmul, bmi1, bmi2, adx, fma, vzeroupper, clflush, clflushopt

Memory: 4k page, system-wide physical 16190M (3838M free)
TotalPageFile size 65342M (AvailPageFile size 2M)
current process WorkingSet (physical memory assigned to process): 91M, peak: 91M
current process commit charge ("private bytes"): 367M, peak: 367M

vm_info: Java HotSpot(TM) 64-Bit Server VM (17.0.8+9-LTS-211) for windows-amd64 JRE (17.0.8+9-LTS-211), built on Jun 14 2023 10:34:31 by "mach5one" with MS VC++ 17.1 (VS2022)

END.
